<?xml version="1.0" encoding="UTF-8"?>
<!-- Generated by org.testng.reporters.JUnitXMLReporter -->
<testsuite ignored="0" hostname="ArpanaMac" failures="2" tests="19" name="Test" time="152.64" errors="0" timestamp="2024-02-29T09:45:43 PST">
  <testcase classname="TestCasesPage.GetStartedTestPage" name="validateUserLandingHomePageTest" time="2.104"/>
  <testcase classname="TestCasesPage.HomeTestPage" name="VerifyUserLandedHomePageTest" time="0.074"/>
  <testcase classname="TestCasesPage.HomeTestPage" name="VerifyDropDownMenulinkTest" time="0.291">
    <failure type="org.openqa.selenium.support.ui.UnexpectedTagNameException" message="Element should have been &amp;quot;select&amp;quot; but was &amp;quot;a&amp;quot;
Build info: version: &amp;apos;4.17.0&amp;apos;, revision: &amp;apos;e52b1be057*&amp;apos;
System info: os.name: &amp;apos;Mac OS X&amp;apos;, os.arch: &amp;apos;x86_64&amp;apos;, os.version: &amp;apos;11.7.7&amp;apos;, java.version: &amp;apos;17.0.7&amp;apos;
Driver info: driver.version: unknown">
      <![CDATA[org.openqa.selenium.support.ui.UnexpectedTagNameException: Element should have been "select" but was "a"
Build info: version: '4.17.0', revision: 'e52b1be057*'
System info: os.name: 'Mac OS X', os.arch: 'x86_64', os.version: '11.7.7', java.version: '17.0.7'
Driver info: driver.version: unknown
at org.openqa.selenium.support.ui.Select.<init>(Select.java:46)
at PagesPackage.HomePage.DropdownOptions(HomePage.java:104)
at TestCasesPage.HomeTestPage.VerifyDropDownMenulinkTest(HomeTestPage.java:55)
at java.base/java.util.ArrayList.forEach(ArrayList.java:1511)
... Removed 27 stack frames]]>
    </failure>
  </testcase> <!-- VerifyDropDownMenulinkTest -->
  <testcase classname="TestCasesPage.HomeTestPage" name="VerifyClickOnDropDownElementAndLoginFailMsg" time="5.351"/>
  <testcase classname="TestCasesPage.HomeTestPage" name="VerifyClickingGetstrdInAnyDataStrAndLoginFailMsg" time="3.508"/>
  <testcase classname="TestCasesPage.RegisterTestPage" name="VerifyUserLandedRegisterPageTest1" time="0.037"/>
  <testcase classname="TestCasesPage.RegisterTestPage" name="validateUserNameErrors" time="2.574"/>
  <testcase classname="TestCasesPage.RegisterTestPage" name="ClickRegisterBtnWithEmptyUserNameFieldTest" time="0.408"/>
  <testcase classname="TestCasesPage.RegisterTestPage" name="ClickRegisterBtnWithEmptyPassWordFieldTest" time="0.748"/>
  <testcase classname="TestCasesPage.RegisterTestPage" name="PasswordLessthan8Characters" time="1.496">
    <failure type="java.lang.AssertionError" message="expected [password_mismatch:The two password fields didn&amp;apos;t match.] but found [password_mismatch:The two password fields didn’t match.]">
      <![CDATA[java.lang.AssertionError: expected [password_mismatch:The two password fields didn't match.] but found [password_mismatch:The two password fields didn’t match.]
at TestCasesPage.RegisterTestPage.PasswordLessthan8Characters(RegisterTestPage.java:105)
at java.base/java.util.ArrayList.forEach(ArrayList.java:1511)
... Removed 33 stack frames]]>
    </failure>
  </testcase> <!-- PasswordLessthan8Characters -->
  <testcase classname="TestCasesPage.SignInTestPage" name="VerifyUserLandedLoginPageTest" time="0.027"/>
  <testcase classname="TestCasesPage.SignInTestPage" name="verifyingValidUsrnameAndPwd" time="1.314"/>
  <testcase classname="TestCasesPage.SignInTestPage" name="ClickSignInBtbWithUserNameFieldEmpty" time="1.203"/>
  <testcase classname="TestCasesPage.SignInTestPage" name="ClickSignInBtnWithPasswordFieldEmpty" time="0.664"/>
  <testcase classname="TestCasesPage.SignInTestPage" name="TestingInvalidUsrnameInvalidPwd" time="1.156"/>
  <testcase classname="TestCasesPage.SignInTestPage" name="TestingInvalidUsrnameValidPwd" time="1.282"/>
  <testcase classname="TestCasesPage.SignInTestPage" name="TestingValidUsrnameInValidPwd" time="1.204"/>
  <testcase classname="TestCasesPage.QueueTestPage" name="VerifyUserLandedPage" time="10.691"/>
  <testcase classname="TestCasesPage.StackTestPage" name="VerifyUserLandedStackPage" time="8.519"/>
</testsuite> <!-- Test -->
