<!DOCTYPE html PUBLIC "-//W3C//DTD XHTML 1.1//EN" "https://www.w3.org/TR/xhtml11/DTD/xhtml11.dtd">
<html xmlns="https://www.w3.org/1999/xhtml">
<head>
<meta http-equiv="content-type" content="text/html; charset=UTF-8"/>
<title>TestNG Report</title>
<style type="text/css">table {margin-bottom:10px;border-collapse:collapse;empty-cells:show}th,td {border:1px solid #009;padding:.25em .5em}th {vertical-align:bottom}td {vertical-align:top}table a {font-weight:bold}.stripe td {background-color: #E6EBF9}.num {text-align:right}.passedodd td {background-color: #3F3}.passedeven td {background-color: #0A0}.skippedodd td {background-color: #DDD}.skippedeven td {background-color: #CCC}.failedodd td,.attn {background-color: #F33}.failedeven td,.stripe .attn {background-color: #D00}.stacktrace {white-space:pre;font-family:monospace}.totop {font-size:85%;text-align:center;border-bottom:2px solid #000}.invisible {display:none}</style>
</head>
<body>
<table>
<tr><th>Test</th><th># Passed</th><th># Skipped</th><th># Retried</th><th># Failed</th><th>Time (ms)</th><th>Included Groups</th><th>Excluded Groups</th></tr>
<tr><th colspan="8">Suite</th></tr>
<tr><td><a href="#t0">Test</a></td><td class="num">17</td><td class="num">0</td><td class="num">0</td><td class="num attn">2</td><td class="num">142,307</td><td></td><td></td></tr>
</table>
<table id='summary'><thead><tr><th>Class</th><th>Method</th><th>Start</th><th>Time (ms)</th></tr></thead><tbody><tr><th colspan="4">Suite</th></tr></tbody><tbody id="t0"><tr><th colspan="4">Test &#8212; failed</th></tr><tr class="failedeven"><td rowspan="1">TestCasesPage.HomeTestPage</td><td><a href="#m0">VerifyDropDownMenulinkTest</a></td><td rowspan="1">1709159978939</td><td rowspan="1">248</td></tr><tr class="failedodd"><td rowspan="1">TestCasesPage.RegisterTestPage</td><td><a href="#m1">PasswordLessthan8Characters</a></td><td rowspan="1">1709160026579</td><td rowspan="1">1348</td></tr><tr><th colspan="4">Test &#8212; passed</th></tr><tr class="passedeven"><td rowspan="1">TestCasesPage.GetStartedTestPage</td><td><a href="#m2">validateUserLandingHomePageTest</a></td><td rowspan="1">1709159967789</td><td rowspan="1">1774</td></tr><tr class="passedodd"><td rowspan="3">TestCasesPage.HomeTestPage</td><td><a href="#m3">VerifyClickOnDropDownElementAndLoginFailMsg</a></td><td rowspan="1">1709159984173</td><td rowspan="1">4357</td></tr><tr class="passedodd"><td><a href="#m4">VerifyClickingGetstrdInAnyDataStrAndLoginFailMsg</a></td><td rowspan="1">1709159992966</td><td rowspan="1">3577</td></tr><tr class="passedodd"><td><a href="#m5">VerifyUserLandedHomePageTest</a></td><td rowspan="1">1709159974425</td><td rowspan="1">64</td></tr><tr class="passedeven"><td rowspan="1">TestCasesPage.QueueTestPage</td><td><a href="#m6">VerifyUserLandedPage</a></td><td rowspan="1">1709160071189</td><td rowspan="1">7966</td></tr><tr class="passedodd"><td rowspan="4">TestCasesPage.RegisterTestPage</td><td><a href="#m7">ClickRegisterBtnWithEmptyPassWordFieldTest</a></td><td rowspan="1">1709160020778</td><td rowspan="1">676</td></tr><tr class="passedodd"><td><a href="#m8">ClickRegisterBtnWithEmptyUserNameFieldTest</a></td><td rowspan="1">1709160015523</td><td rowspan="1">397</td></tr><tr class="passedodd"><td><a href="#m9">VerifyUserLandedRegisterPageTest1</a></td><td rowspan="1">1709160002217</td><td rowspan="1">38</td></tr><tr class="passedodd"><td><a href="#m10">validateUserNameErrors</a></td><td rowspan="1">1709160009412</td><td rowspan="1">1513</td></tr><tr class="passedeven"><td rowspan="7">TestCasesPage.SignInTestPage</td><td><a href="#m11">ClickSignInBtbWithUserNameFieldEmpty</a></td><td rowspan="1">1709160043804</td><td rowspan="1">283</td></tr><tr class="passedeven"><td><a href="#m12">ClickSignInBtnWithPasswordFieldEmpty</a></td><td rowspan="1">1709160048801</td><td rowspan="1">589</td></tr><tr class="passedeven"><td><a href="#m13">TestingInvalidUsrnameInvalidPwd</a></td><td rowspan="1">1709160053972</td><td rowspan="1">1033</td></tr><tr class="passedeven"><td><a href="#m14">TestingInvalidUsrnameValidPwd</a></td><td rowspan="1">1709160059865</td><td rowspan="1">1108</td></tr><tr class="passedeven"><td><a href="#m15">TestingValidUsrnameInValidPwd</a></td><td rowspan="1">1709160065737</td><td rowspan="1">998</td></tr><tr class="passedeven"><td><a href="#m16">VerifyUserLandedLoginPageTest</a></td><td rowspan="1">1709160032899</td><td rowspan="1">30</td></tr><tr class="passedeven"><td><a href="#m17">verifyingValidUsrnameAndPwd</a></td><td rowspan="1">1709160037812</td><td rowspan="1">1263</td></tr><tr class="passedodd"><td rowspan="1">TestCasesPage.StackTestPage</td><td><a href="#m18">VerifyUserLandedStackPage</a></td><td rowspan="1">1709160083741</td><td rowspan="1">7445</td></tr></tbody>
</table>
<h2>Test</h2><h3 id="m0">TestCasesPage.HomeTestPage#VerifyDropDownMenulinkTest</h3><table class="result"><tr><th>Exception</th></tr><tr><td><div class="stacktrace">org.openqa.selenium.support.ui.UnexpectedTagNameException: Element should have been &quot;select&quot; but was &quot;a&quot;
Build info: version: &apos;4.17.0&apos;, revision: &apos;e52b1be057*&apos;
System info: os.name: &apos;Mac OS X&apos;, os.arch: &apos;x86_64&apos;, os.version: &apos;11.7.7&apos;, java.version: &apos;17.0.7&apos;
Driver info: driver.version: unknown
	at org.openqa.selenium.support.ui.Select.&lt;init&gt;(Select.java:46)
	at PagesPackage.HomePage.DropdownOptions(HomePage.java:104)
	at TestCasesPage.HomeTestPage.VerifyDropDownMenulinkTest(HomeTestPage.java:56)
	at java.base/java.util.ArrayList.forEach(ArrayList.java:1511)
... Removed 27 stack frames</div></td></tr></table><p class="totop"><a href="#summary">back to summary</a></p>
<h3 id="m1">TestCasesPage.RegisterTestPage#PasswordLessthan8Characters</h3><table class="result"><tr class="param"><th>Parameter #1</th><th>Parameter #2</th><th>Parameter #3</th></tr><tr class="param stripe"><td>dsalgo81</td><td>Project321@</td><td>Project321@</td></tr><tr><th colspan="3">Exception</th></tr><tr><td colspan="3"><div class="stacktrace">java.lang.AssertionError: expected [password_mismatch:The two password fields didn&apos;t match.] but found [password_mismatch:The two password fields didnâ€™t match.]
	at TestCasesPage.RegisterTestPage.PasswordLessthan8Characters(RegisterTestPage.java:107)
	at java.base/java.util.ArrayList.forEach(ArrayList.java:1511)
... Removed 33 stack frames</div></td></tr></table><p class="totop"><a href="#summary">back to summary</a></p>
<h3 id="m2">TestCasesPage.GetStartedTestPage#validateUserLandingHomePageTest</h3><table class="result"><tr><th class="invisible"/></tr></table><p class="totop"><a href="#summary">back to summary</a></p>
<h3 id="m3">TestCasesPage.HomeTestPage#VerifyClickOnDropDownElementAndLoginFailMsg</h3><table class="result"><tr><th class="invisible"/></tr></table><p class="totop"><a href="#summary">back to summary</a></p>
<h3 id="m4">TestCasesPage.HomeTestPage#VerifyClickingGetstrdInAnyDataStrAndLoginFailMsg</h3><table class="result"><tr><th class="invisible"/></tr></table><p class="totop"><a href="#summary">back to summary</a></p>
<h3 id="m5">TestCasesPage.HomeTestPage#VerifyUserLandedHomePageTest</h3><table class="result"><tr><th class="invisible"/></tr></table><p class="totop"><a href="#summary">back to summary</a></p>
<h3 id="m6">TestCasesPage.QueueTestPage#VerifyUserLandedPage</h3><table class="result"><tr class="param"><th>Parameter #1</th><th>Parameter #2</th></tr><tr class="param stripe"><td>dsalgo81</td><td>Project321@</td></tr></table><p class="totop"><a href="#summary">back to summary</a></p>
<h3 id="m7">TestCasesPage.RegisterTestPage#ClickRegisterBtnWithEmptyPassWordFieldTest</h3><table class="result"><tr class="param"><th>Parameter #1</th><th>Parameter #2</th><th>Parameter #3</th></tr><tr class="param stripe"><td>dsalgo81</td><td>Project321@</td><td>Project321@</td></tr></table><p class="totop"><a href="#summary">back to summary</a></p>
<h3 id="m8">TestCasesPage.RegisterTestPage#ClickRegisterBtnWithEmptyUserNameFieldTest</h3><table class="result"><tr><th class="invisible"/></tr></table><p class="totop"><a href="#summary">back to summary</a></p>
<h3 id="m9">TestCasesPage.RegisterTestPage#VerifyUserLandedRegisterPageTest1</h3><table class="result"><tr><th class="invisible"/></tr></table><p class="totop"><a href="#summary">back to summary</a></p>
<h3 id="m10">TestCasesPage.RegisterTestPage#validateUserNameErrors</h3><table class="result"><tr class="param"><th>Parameter #1</th><th>Parameter #2</th><th>Parameter #3</th></tr><tr class="param stripe"><td>dsalgo81</td><td>Project321@</td><td>Project321@</td></tr></table><p class="totop"><a href="#summary">back to summary</a></p>
<h3 id="m11">TestCasesPage.SignInTestPage#ClickSignInBtbWithUserNameFieldEmpty</h3><table class="result"><tr><th class="invisible"/></tr></table><p class="totop"><a href="#summary">back to summary</a></p>
<h3 id="m12">TestCasesPage.SignInTestPage#ClickSignInBtnWithPasswordFieldEmpty</h3><table class="result"><tr class="param"><th>Parameter #1</th><th>Parameter #2</th></tr><tr class="param stripe"><td>dsalgo81</td><td>Project321@</td></tr></table><p class="totop"><a href="#summary">back to summary</a></p>
<h3 id="m13">TestCasesPage.SignInTestPage#TestingInvalidUsrnameInvalidPwd</h3><table class="result"><tr><th class="invisible"/></tr></table><p class="totop"><a href="#summary">back to summary</a></p>
<h3 id="m14">TestCasesPage.SignInTestPage#TestingInvalidUsrnameValidPwd</h3><table class="result"><tr class="param"><th>Parameter #1</th><th>Parameter #2</th></tr><tr class="param stripe"><td>dsalgo81</td><td>Project321@</td></tr></table><p class="totop"><a href="#summary">back to summary</a></p>
<h3 id="m15">TestCasesPage.SignInTestPage#TestingValidUsrnameInValidPwd</h3><table class="result"><tr class="param"><th>Parameter #1</th><th>Parameter #2</th></tr><tr class="param stripe"><td>dsalgo81</td><td>Project321@</td></tr></table><p class="totop"><a href="#summary">back to summary</a></p>
<h3 id="m16">TestCasesPage.SignInTestPage#VerifyUserLandedLoginPageTest</h3><table class="result"><tr><th class="invisible"/></tr></table><p class="totop"><a href="#summary">back to summary</a></p>
<h3 id="m17">TestCasesPage.SignInTestPage#verifyingValidUsrnameAndPwd</h3><table class="result"><tr class="param"><th>Parameter #1</th><th>Parameter #2</th></tr><tr class="param stripe"><td>dsalgo81</td><td>Project321@</td></tr></table><p class="totop"><a href="#summary">back to summary</a></p>
<h3 id="m18">TestCasesPage.StackTestPage#VerifyUserLandedStackPage</h3><table class="result"><tr class="param"><th>Parameter #1</th><th>Parameter #2</th></tr><tr class="param stripe"><td>dsalgo81</td><td>Project321@</td></tr></table><p class="totop"><a href="#summary">back to summary</a></p>
</body>
</html>
