<?xml version="1.0" encoding="UTF-8"?>
<testng-results ignored="0" total="19" passed="17" failed="2" skipped="0">
  <reporter-output>
  </reporter-output>
  <suite started-at="2024-02-29T09:43:10 PST" name="Suite" finished-at="2024-02-29T09:45:42 PST" duration-ms="152640">
    <groups>
    </groups>
    <test started-at="2024-02-29T09:43:10 PST" name="Test" finished-at="2024-02-29T09:45:42 PST" duration-ms="152640">
      <class name="TestCasesPage.StackTestPage">
        <test-method is-config="true" signature="setup()[pri:0, instance:TestCasesPage.StackTestPage@81b5db0]" started-at="2024-02-29T09:45:29 PST" name="setup" finished-at="2024-02-29T09:45:34 PST" duration-ms="4659" status="PASS">
          <reporter-output>
          </reporter-output>
        </test-method> <!-- setup -->
        <test-method signature="VerifyUserLandedStackPage(java.lang.String,java.lang.String)[pri:1, instance:TestCasesPage.StackTestPage@81b5db0]" started-at="2024-02-29T09:45:34 PST" name="VerifyUserLandedStackPage" description="Stack page verification" data-provider="getLoginData" finished-at="2024-02-29T09:45:42 PST" duration-ms="8519" status="PASS">
          <params>
            <param index="0">
              <value>
                <![CDATA[dsalgo81]]>
              </value>
            </param>
            <param index="1">
              <value>
                <![CDATA[Project321@]]>
              </value>
            </param>
          </params>
          <reporter-output>
          </reporter-output>
        </test-method> <!-- VerifyUserLandedStackPage -->
        <test-method is-config="true" signature="tearDown()[pri:0, instance:TestCasesPage.StackTestPage@81b5db0]" started-at="2024-02-29T09:45:42 PST" name="tearDown" finished-at="2024-02-29T09:45:42 PST" duration-ms="331" status="PASS">
          <reporter-output>
          </reporter-output>
        </test-method> <!-- tearDown -->
      </class> <!-- TestCasesPage.StackTestPage -->
      <class name="TestCasesPage.QueueTestPage">
        <test-method is-config="true" signature="setup()[pri:0, instance:TestCasesPage.QueueTestPage@58860997]" started-at="2024-02-29T09:45:14 PST" name="setup" finished-at="2024-02-29T09:45:18 PST" duration-ms="4468" status="PASS">
          <reporter-output>
          </reporter-output>
        </test-method> <!-- setup -->
        <test-method signature="VerifyUserLandedPage(java.lang.String,java.lang.String)[pri:1, instance:TestCasesPage.QueueTestPage@58860997]" started-at="2024-02-29T09:45:18 PST" name="VerifyUserLandedPage" description="Queue page verification" data-provider="getLoginData" finished-at="2024-02-29T09:45:29 PST" duration-ms="10691" status="PASS">
          <params>
            <param index="0">
              <value>
                <![CDATA[dsalgo81]]>
              </value>
            </param>
            <param index="1">
              <value>
                <![CDATA[Project321@]]>
              </value>
            </param>
          </params>
          <reporter-output>
          </reporter-output>
        </test-method> <!-- VerifyUserLandedPage -->
        <test-method is-config="true" signature="teardown()[pri:0, instance:TestCasesPage.QueueTestPage@58860997]" started-at="2024-02-29T09:45:29 PST" name="teardown" finished-at="2024-02-29T09:45:29 PST" duration-ms="198" status="PASS">
          <reporter-output>
          </reporter-output>
        </test-method> <!-- teardown -->
      </class> <!-- TestCasesPage.QueueTestPage -->
      <class name="TestCasesPage.HomeTestPage">
        <test-method is-config="true" signature="setup()[pri:0, instance:TestCasesPage.HomeTestPage@77eb5790]" started-at="2024-02-29T09:43:22 PST" name="setup" finished-at="2024-02-29T09:43:27 PST" duration-ms="5275" status="PASS">
          <reporter-output>
          </reporter-output>
        </test-method> <!-- setup -->
        <test-method signature="VerifyUserLandedHomePageTest()[pri:1, instance:TestCasesPage.HomeTestPage@77eb5790]" started-at="2024-02-29T09:43:27 PST" name="VerifyUserLandedHomePageTest" finished-at="2024-02-29T09:43:27 PST" duration-ms="74" status="PASS">
          <reporter-output>
          </reporter-output>
        </test-method> <!-- VerifyUserLandedHomePageTest -->
        <test-method is-config="true" signature="tearDown()[pri:0, instance:TestCasesPage.HomeTestPage@77eb5790]" started-at="2024-02-29T09:43:27 PST" name="tearDown" finished-at="2024-02-29T09:43:27 PST" duration-ms="212" status="PASS">
          <reporter-output>
          </reporter-output>
        </test-method> <!-- tearDown -->
        <test-method is-config="true" signature="setup()[pri:0, instance:TestCasesPage.HomeTestPage@77eb5790]" started-at="2024-02-29T09:43:27 PST" name="setup" finished-at="2024-02-29T09:43:32 PST" duration-ms="4628" status="PASS">
          <reporter-output>
          </reporter-output>
        </test-method> <!-- setup -->
        <test-method signature="VerifyDropDownMenulinkTest()[pri:2, instance:TestCasesPage.HomeTestPage@77eb5790]" started-at="2024-02-29T09:43:32 PST" name="VerifyDropDownMenulinkTest" finished-at="2024-02-29T09:43:32 PST" duration-ms="291" status="FAIL">
          <exception class="org.openqa.selenium.support.ui.UnexpectedTagNameException">
            <message>
              <![CDATA[Element should have been "select" but was "a"
Build info: version: '4.17.0', revision: 'e52b1be057*'
System info: os.name: 'Mac OS X', os.arch: 'x86_64', os.version: '11.7.7', java.version: '17.0.7'
Driver info: driver.version: unknown]]>
            </message>
            <full-stacktrace>
              <![CDATA[org.openqa.selenium.support.ui.UnexpectedTagNameException: Element should have been "select" but was "a"
Build info: version: '4.17.0', revision: 'e52b1be057*'
System info: os.name: 'Mac OS X', os.arch: 'x86_64', os.version: '11.7.7', java.version: '17.0.7'
Driver info: driver.version: unknown
at org.openqa.selenium.support.ui.Select.<init>(Select.java:46)
at PagesPackage.HomePage.DropdownOptions(HomePage.java:104)
at TestCasesPage.HomeTestPage.VerifyDropDownMenulinkTest(HomeTestPage.java:55)
at java.base/jdk.internal.reflect.NativeMethodAccessorImpl.invoke0(Native Method)
at java.base/jdk.internal.reflect.NativeMethodAccessorImpl.invoke(NativeMethodAccessorImpl.java:77)
at java.base/jdk.internal.reflect.DelegatingMethodAccessorImpl.invoke(DelegatingMethodAccessorImpl.java:43)
at java.base/java.lang.reflect.Method.invoke(Method.java:568)
at org.testng.internal.MethodInvocationHelper.invokeMethod(MethodInvocationHelper.java:133)
at org.testng.internal.TestInvoker.invokeMethod(TestInvoker.java:598)
at org.testng.internal.TestInvoker.invokeTestMethod(TestInvoker.java:173)
at org.testng.internal.MethodRunner.runInSequence(MethodRunner.java:46)
at org.testng.internal.TestInvoker$MethodInvocationAgent.invoke(TestInvoker.java:824)
at org.testng.internal.TestInvoker.invokeTestMethods(TestInvoker.java:146)
at org.testng.internal.TestMethodWorker.invokeTestMethods(TestMethodWorker.java:146)
at org.testng.internal.TestMethodWorker.run(TestMethodWorker.java:128)
at java.base/java.util.ArrayList.forEach(ArrayList.java:1511)
at org.testng.TestRunner.privateRun(TestRunner.java:794)
at org.testng.TestRunner.run(TestRunner.java:596)
at org.testng.SuiteRunner.runTest(SuiteRunner.java:377)
at org.testng.SuiteRunner.runSequentially(SuiteRunner.java:371)
at org.testng.SuiteRunner.privateRun(SuiteRunner.java:332)
at org.testng.SuiteRunner.run(SuiteRunner.java:276)
at org.testng.SuiteRunnerWorker.runSuite(SuiteRunnerWorker.java:53)
at org.testng.SuiteRunnerWorker.run(SuiteRunnerWorker.java:96)
at org.testng.TestNG.runSuitesSequentially(TestNG.java:1212)
at org.testng.TestNG.runSuitesLocally(TestNG.java:1134)
at org.testng.TestNG.runSuites(TestNG.java:1063)
at org.testng.TestNG.run(TestNG.java:1031)
at org.testng.remote.AbstractRemoteTestNG.run(AbstractRemoteTestNG.java:115)
at org.testng.remote.RemoteTestNG.initAndRun(RemoteTestNG.java:251)
at org.testng.remote.RemoteTestNG.main(RemoteTestNG.java:77)
]]>
            </full-stacktrace>
          </exception> <!-- org.openqa.selenium.support.ui.UnexpectedTagNameException -->
          <reporter-output>
          </reporter-output>
        </test-method> <!-- VerifyDropDownMenulinkTest -->
        <test-method is-config="true" signature="tearDown()[pri:0, instance:TestCasesPage.HomeTestPage@77eb5790]" started-at="2024-02-29T09:43:33 PST" name="tearDown" finished-at="2024-02-29T09:43:33 PST" duration-ms="263" status="PASS">
          <reporter-output>
          </reporter-output>
        </test-method> <!-- tearDown -->
        <test-method is-config="true" signature="setup()[pri:0, instance:TestCasesPage.HomeTestPage@77eb5790]" started-at="2024-02-29T09:43:33 PST" name="setup" finished-at="2024-02-29T09:43:38 PST" duration-ms="5436" status="PASS">
          <reporter-output>
          </reporter-output>
        </test-method> <!-- setup -->
        <test-method signature="VerifyClickOnDropDownElementAndLoginFailMsg()[pri:3, instance:TestCasesPage.HomeTestPage@77eb5790]" started-at="2024-02-29T09:43:38 PST" name="VerifyClickOnDropDownElementAndLoginFailMsg" finished-at="2024-02-29T09:43:44 PST" duration-ms="5351" status="PASS">
          <reporter-output>
          </reporter-output>
        </test-method> <!-- VerifyClickOnDropDownElementAndLoginFailMsg -->
        <test-method is-config="true" signature="tearDown()[pri:0, instance:TestCasesPage.HomeTestPage@77eb5790]" started-at="2024-02-29T09:43:44 PST" name="tearDown" finished-at="2024-02-29T09:43:44 PST" duration-ms="206" status="PASS">
          <reporter-output>
          </reporter-output>
        </test-method> <!-- tearDown -->
        <test-method is-config="true" signature="setup()[pri:0, instance:TestCasesPage.HomeTestPage@77eb5790]" started-at="2024-02-29T09:43:44 PST" name="setup" finished-at="2024-02-29T09:43:50 PST" duration-ms="5934" status="PASS">
          <reporter-output>
          </reporter-output>
        </test-method> <!-- setup -->
        <test-method signature="VerifyClickingGetstrdInAnyDataStrAndLoginFailMsg()[pri:4, instance:TestCasesPage.HomeTestPage@77eb5790]" started-at="2024-02-29T09:43:50 PST" name="VerifyClickingGetstrdInAnyDataStrAndLoginFailMsg" finished-at="2024-02-29T09:43:53 PST" duration-ms="3508" status="PASS">
          <reporter-output>
          </reporter-output>
        </test-method> <!-- VerifyClickingGetstrdInAnyDataStrAndLoginFailMsg -->
        <test-method is-config="true" signature="tearDown()[pri:0, instance:TestCasesPage.HomeTestPage@77eb5790]" started-at="2024-02-29T09:43:53 PST" name="tearDown" finished-at="2024-02-29T09:43:53 PST" duration-ms="219" status="PASS">
          <reporter-output>
          </reporter-output>
        </test-method> <!-- tearDown -->
      </class> <!-- TestCasesPage.HomeTestPage -->
      <class name="TestCasesPage.RegisterTestPage">
        <test-method is-config="true" signature="setup()[pri:0, instance:TestCasesPage.RegisterTestPage@238bfd6c]" started-at="2024-02-29T09:43:53 PST" name="setup" finished-at="2024-02-29T09:43:59 PST" duration-ms="5646" status="PASS">
          <reporter-output>
          </reporter-output>
        </test-method> <!-- setup -->
        <test-method signature="VerifyUserLandedRegisterPageTest1()[pri:1, instance:TestCasesPage.RegisterTestPage@238bfd6c]" started-at="2024-02-29T09:43:59 PST" name="VerifyUserLandedRegisterPageTest1" finished-at="2024-02-29T09:43:59 PST" duration-ms="37" status="PASS">
          <reporter-output>
          </reporter-output>
        </test-method> <!-- VerifyUserLandedRegisterPageTest1 -->
        <test-method is-config="true" signature="tearDown()[pri:0, instance:TestCasesPage.RegisterTestPage@238bfd6c]" started-at="2024-02-29T09:43:59 PST" name="tearDown" finished-at="2024-02-29T09:43:59 PST" duration-ms="237" status="PASS">
          <reporter-output>
          </reporter-output>
        </test-method> <!-- tearDown -->
        <test-method is-config="true" signature="setup()[pri:0, instance:TestCasesPage.RegisterTestPage@238bfd6c]" started-at="2024-02-29T09:44:02 PST" name="setup" finished-at="2024-02-29T09:44:07 PST" duration-ms="4932" status="PASS">
          <reporter-output>
          </reporter-output>
        </test-method> <!-- setup -->
        <test-method signature="validateUserNameErrors(java.lang.String,java.lang.String,java.lang.String)[pri:2, instance:TestCasesPage.RegisterTestPage@238bfd6c]" started-at="2024-02-29T09:44:07 PST" name="validateUserNameErrors" data-provider="getLoginData" finished-at="2024-02-29T09:44:10 PST" duration-ms="2574" status="PASS">
          <params>
            <param index="0">
              <value>
                <![CDATA[dsalgo81]]>
              </value>
            </param>
            <param index="1">
              <value>
                <![CDATA[Project321@]]>
              </value>
            </param>
            <param index="2">
              <value>
                <![CDATA[Project321@]]>
              </value>
            </param>
          </params>
          <reporter-output>
          </reporter-output>
        </test-method> <!-- validateUserNameErrors -->
        <test-method is-config="true" signature="tearDown()[pri:0, instance:TestCasesPage.RegisterTestPage@238bfd6c]" started-at="2024-02-29T09:44:10 PST" name="tearDown" finished-at="2024-02-29T09:44:10 PST" duration-ms="245" status="PASS">
          <reporter-output>
          </reporter-output>
        </test-method> <!-- tearDown -->
        <test-method is-config="true" signature="setup()[pri:0, instance:TestCasesPage.RegisterTestPage@238bfd6c]" started-at="2024-02-29T09:44:10 PST" name="setup" finished-at="2024-02-29T09:44:15 PST" duration-ms="4953" status="PASS">
          <reporter-output>
          </reporter-output>
        </test-method> <!-- setup -->
        <test-method signature="ClickRegisterBtnWithEmptyUserNameFieldTest()[pri:3, instance:TestCasesPage.RegisterTestPage@238bfd6c]" started-at="2024-02-29T09:44:15 PST" name="ClickRegisterBtnWithEmptyUserNameFieldTest" finished-at="2024-02-29T09:44:15 PST" duration-ms="408" status="PASS">
          <reporter-output>
          </reporter-output>
        </test-method> <!-- ClickRegisterBtnWithEmptyUserNameFieldTest -->
        <test-method is-config="true" signature="tearDown()[pri:0, instance:TestCasesPage.RegisterTestPage@238bfd6c]" started-at="2024-02-29T09:44:15 PST" name="tearDown" finished-at="2024-02-29T09:44:16 PST" duration-ms="193" status="PASS">
          <reporter-output>
          </reporter-output>
        </test-method> <!-- tearDown -->
        <test-method is-config="true" signature="setup()[pri:0, instance:TestCasesPage.RegisterTestPage@238bfd6c]" started-at="2024-02-29T09:44:16 PST" name="setup" finished-at="2024-02-29T09:44:21 PST" duration-ms="4831" status="PASS">
          <reporter-output>
          </reporter-output>
        </test-method> <!-- setup -->
        <test-method signature="ClickRegisterBtnWithEmptyPassWordFieldTest(java.lang.String,java.lang.String,java.lang.String)[pri:4, instance:TestCasesPage.RegisterTestPage@238bfd6c]" started-at="2024-02-29T09:44:21 PST" name="ClickRegisterBtnWithEmptyPassWordFieldTest" data-provider="getLoginData" finished-at="2024-02-29T09:44:21 PST" duration-ms="748" status="PASS">
          <params>
            <param index="0">
              <value>
                <![CDATA[dsalgo81]]>
              </value>
            </param>
            <param index="1">
              <value>
                <![CDATA[Project321@]]>
              </value>
            </param>
            <param index="2">
              <value>
                <![CDATA[Project321@]]>
              </value>
            </param>
          </params>
          <reporter-output>
          </reporter-output>
        </test-method> <!-- ClickRegisterBtnWithEmptyPassWordFieldTest -->
        <test-method is-config="true" signature="tearDown()[pri:0, instance:TestCasesPage.RegisterTestPage@238bfd6c]" started-at="2024-02-29T09:44:21 PST" name="tearDown" finished-at="2024-02-29T09:44:22 PST" duration-ms="243" status="PASS">
          <reporter-output>
          </reporter-output>
        </test-method> <!-- tearDown -->
        <test-method is-config="true" signature="setup()[pri:0, instance:TestCasesPage.RegisterTestPage@238bfd6c]" started-at="2024-02-29T09:44:22 PST" name="setup" finished-at="2024-02-29T09:44:27 PST" duration-ms="5086" status="PASS">
          <reporter-output>
          </reporter-output>
        </test-method> <!-- setup -->
        <test-method signature="PasswordLessthan8Characters(java.lang.String,java.lang.String,java.lang.String)[pri:6, instance:TestCasesPage.RegisterTestPage@238bfd6c]" started-at="2024-02-29T09:44:27 PST" name="PasswordLessthan8Characters" data-provider="getLoginData" finished-at="2024-02-29T09:44:28 PST" duration-ms="1496" status="FAIL">
          <params>
            <param index="0">
              <value>
                <![CDATA[dsalgo81]]>
              </value>
            </param>
            <param index="1">
              <value>
                <![CDATA[Project321@]]>
              </value>
            </param>
            <param index="2">
              <value>
                <![CDATA[Project321@]]>
              </value>
            </param>
          </params>
          <exception class="java.lang.AssertionError">
            <message>
              <![CDATA[expected [password_mismatch:The two password fields didn't match.] but found [password_mismatch:The two password fields didn’t match.]]]>
            </message>
            <full-stacktrace>
              <![CDATA[java.lang.AssertionError: expected [password_mismatch:The two password fields didn't match.] but found [password_mismatch:The two password fields didn’t match.]
at org.testng.Assert.fail(Assert.java:99)
at org.testng.Assert.failNotEquals(Assert.java:1037)
at org.testng.Assert.assertEqualsImpl(Assert.java:140)
at org.testng.Assert.assertEquals(Assert.java:122)
at org.testng.Assert.assertEquals(Assert.java:629)
at org.testng.Assert.assertEquals(Assert.java:639)
at TestCasesPage.RegisterTestPage.PasswordLessthan8Characters(RegisterTestPage.java:105)
at java.base/jdk.internal.reflect.NativeMethodAccessorImpl.invoke0(Native Method)
at java.base/jdk.internal.reflect.NativeMethodAccessorImpl.invoke(NativeMethodAccessorImpl.java:77)
at java.base/jdk.internal.reflect.DelegatingMethodAccessorImpl.invoke(DelegatingMethodAccessorImpl.java:43)
at java.base/java.lang.reflect.Method.invoke(Method.java:568)
at org.testng.internal.MethodInvocationHelper.invokeMethod(MethodInvocationHelper.java:133)
at org.testng.internal.TestInvoker.invokeMethod(TestInvoker.java:598)
at org.testng.internal.TestInvoker.invokeTestMethod(TestInvoker.java:173)
at org.testng.internal.MethodRunner.runInSequence(MethodRunner.java:46)
at org.testng.internal.TestInvoker$MethodInvocationAgent.invoke(TestInvoker.java:824)
at org.testng.internal.TestInvoker.invokeTestMethods(TestInvoker.java:146)
at org.testng.internal.TestMethodWorker.invokeTestMethods(TestMethodWorker.java:146)
at org.testng.internal.TestMethodWorker.run(TestMethodWorker.java:128)
at java.base/java.util.ArrayList.forEach(ArrayList.java:1511)
at org.testng.TestRunner.privateRun(TestRunner.java:794)
at org.testng.TestRunner.run(TestRunner.java:596)
at org.testng.SuiteRunner.runTest(SuiteRunner.java:377)
at org.testng.SuiteRunner.runSequentially(SuiteRunner.java:371)
at org.testng.SuiteRunner.privateRun(SuiteRunner.java:332)
at org.testng.SuiteRunner.run(SuiteRunner.java:276)
at org.testng.SuiteRunnerWorker.runSuite(SuiteRunnerWorker.java:53)
at org.testng.SuiteRunnerWorker.run(SuiteRunnerWorker.java:96)
at org.testng.TestNG.runSuitesSequentially(TestNG.java:1212)
at org.testng.TestNG.runSuitesLocally(TestNG.java:1134)
at org.testng.TestNG.runSuites(TestNG.java:1063)
at org.testng.TestNG.run(TestNG.java:1031)
at org.testng.remote.AbstractRemoteTestNG.run(AbstractRemoteTestNG.java:115)
at org.testng.remote.RemoteTestNG.initAndRun(RemoteTestNG.java:251)
at org.testng.remote.RemoteTestNG.main(RemoteTestNG.java:77)
]]>
            </full-stacktrace>
          </exception> <!-- java.lang.AssertionError -->
          <reporter-output>
          </reporter-output>
        </test-method> <!-- PasswordLessthan8Characters -->
        <test-method is-config="true" signature="tearDown()[pri:0, instance:TestCasesPage.RegisterTestPage@238bfd6c]" started-at="2024-02-29T09:44:28 PST" name="tearDown" finished-at="2024-02-29T09:44:29 PST" duration-ms="210" status="PASS">
          <reporter-output>
          </reporter-output>
        </test-method> <!-- tearDown -->
      </class> <!-- TestCasesPage.RegisterTestPage -->
      <class name="TestCasesPage.SignInTestPage">
        <test-method is-config="true" signature="setup()[pri:0, instance:TestCasesPage.SignInTestPage@ef1695a]" started-at="2024-02-29T09:44:29 PST" name="setup" finished-at="2024-02-29T09:44:34 PST" duration-ms="5022" status="PASS">
          <reporter-output>
          </reporter-output>
        </test-method> <!-- setup -->
        <test-method signature="VerifyUserLandedLoginPageTest()[pri:1, instance:TestCasesPage.SignInTestPage@ef1695a]" started-at="2024-02-29T09:44:34 PST" name="VerifyUserLandedLoginPageTest" finished-at="2024-02-29T09:44:34 PST" duration-ms="27" status="PASS">
          <reporter-output>
          </reporter-output>
        </test-method> <!-- VerifyUserLandedLoginPageTest -->
        <test-method is-config="true" signature="tearDown()[pri:0, instance:TestCasesPage.SignInTestPage@ef1695a]" started-at="2024-02-29T09:44:34 PST" name="tearDown" finished-at="2024-02-29T09:44:34 PST" duration-ms="182" status="PASS">
          <reporter-output>
          </reporter-output>
        </test-method> <!-- tearDown -->
        <test-method is-config="true" signature="setup()[pri:0, instance:TestCasesPage.SignInTestPage@ef1695a]" started-at="2024-02-29T09:44:34 PST" name="setup" finished-at="2024-02-29T09:44:39 PST" duration-ms="5093" status="PASS">
          <reporter-output>
          </reporter-output>
        </test-method> <!-- setup -->
        <test-method signature="verifyingValidUsrnameAndPwd(java.lang.String,java.lang.String)[pri:2, instance:TestCasesPage.SignInTestPage@ef1695a]" started-at="2024-02-29T09:44:39 PST" name="verifyingValidUsrnameAndPwd" data-provider="getLoginData" finished-at="2024-02-29T09:44:40 PST" duration-ms="1314" status="PASS">
          <params>
            <param index="0">
              <value>
                <![CDATA[dsalgo81]]>
              </value>
            </param>
            <param index="1">
              <value>
                <![CDATA[Project321@]]>
              </value>
            </param>
          </params>
          <reporter-output>
          </reporter-output>
        </test-method> <!-- verifyingValidUsrnameAndPwd -->
        <test-method is-config="true" signature="tearDown()[pri:0, instance:TestCasesPage.SignInTestPage@ef1695a]" started-at="2024-02-29T09:44:40 PST" name="tearDown" finished-at="2024-02-29T09:44:41 PST" duration-ms="220" status="PASS">
          <reporter-output>
          </reporter-output>
        </test-method> <!-- tearDown -->
        <test-method is-config="true" signature="setup()[pri:0, instance:TestCasesPage.SignInTestPage@ef1695a]" started-at="2024-02-29T09:44:41 PST" name="setup" finished-at="2024-02-29T09:44:46 PST" duration-ms="5208" status="PASS">
          <reporter-output>
          </reporter-output>
        </test-method> <!-- setup -->
        <test-method signature="ClickSignInBtbWithUserNameFieldEmpty()[pri:3, instance:TestCasesPage.SignInTestPage@ef1695a]" started-at="2024-02-29T09:44:46 PST" name="ClickSignInBtbWithUserNameFieldEmpty" finished-at="2024-02-29T09:44:47 PST" duration-ms="1203" status="PASS">
          <reporter-output>
          </reporter-output>
        </test-method> <!-- ClickSignInBtbWithUserNameFieldEmpty -->
        <test-method is-config="true" signature="tearDown()[pri:0, instance:TestCasesPage.SignInTestPage@ef1695a]" started-at="2024-02-29T09:44:47 PST" name="tearDown" finished-at="2024-02-29T09:44:47 PST" duration-ms="244" status="PASS">
          <reporter-output>
          </reporter-output>
        </test-method> <!-- tearDown -->
        <test-method is-config="true" signature="setup()[pri:0, instance:TestCasesPage.SignInTestPage@ef1695a]" started-at="2024-02-29T09:44:47 PST" name="setup" finished-at="2024-02-29T09:44:53 PST" duration-ms="5390" status="PASS">
          <reporter-output>
          </reporter-output>
        </test-method> <!-- setup -->
        <test-method signature="ClickSignInBtnWithPasswordFieldEmpty(java.lang.String,java.lang.String)[pri:4, instance:TestCasesPage.SignInTestPage@ef1695a]" started-at="2024-02-29T09:44:53 PST" name="ClickSignInBtnWithPasswordFieldEmpty" data-provider="getLoginData" finished-at="2024-02-29T09:44:54 PST" duration-ms="664" status="PASS">
          <params>
            <param index="0">
              <value>
                <![CDATA[dsalgo81]]>
              </value>
            </param>
            <param index="1">
              <value>
                <![CDATA[Project321@]]>
              </value>
            </param>
          </params>
          <reporter-output>
          </reporter-output>
        </test-method> <!-- ClickSignInBtnWithPasswordFieldEmpty -->
        <test-method is-config="true" signature="tearDown()[pri:0, instance:TestCasesPage.SignInTestPage@ef1695a]" started-at="2024-02-29T09:44:54 PST" name="tearDown" finished-at="2024-02-29T09:44:54 PST" duration-ms="197" status="PASS">
          <reporter-output>
          </reporter-output>
        </test-method> <!-- tearDown -->
        <test-method is-config="true" signature="setup()[pri:0, instance:TestCasesPage.SignInTestPage@ef1695a]" started-at="2024-02-29T09:44:54 PST" name="setup" finished-at="2024-02-29T09:44:59 PST" duration-ms="4933" status="PASS">
          <reporter-output>
          </reporter-output>
        </test-method> <!-- setup -->
        <test-method signature="TestingInvalidUsrnameInvalidPwd()[pri:5, instance:TestCasesPage.SignInTestPage@ef1695a]" started-at="2024-02-29T09:44:59 PST" name="TestingInvalidUsrnameInvalidPwd" finished-at="2024-02-29T09:45:00 PST" duration-ms="1156" status="PASS">
          <reporter-output>
          </reporter-output>
        </test-method> <!-- TestingInvalidUsrnameInvalidPwd -->
        <test-method is-config="true" signature="tearDown()[pri:0, instance:TestCasesPage.SignInTestPage@ef1695a]" started-at="2024-02-29T09:45:00 PST" name="tearDown" finished-at="2024-02-29T09:45:00 PST" duration-ms="240" status="PASS">
          <reporter-output>
          </reporter-output>
        </test-method> <!-- tearDown -->
        <test-method is-config="true" signature="setup()[pri:0, instance:TestCasesPage.SignInTestPage@ef1695a]" started-at="2024-02-29T09:45:00 PST" name="setup" finished-at="2024-02-29T09:45:05 PST" duration-ms="5286" status="PASS">
          <reporter-output>
          </reporter-output>
        </test-method> <!-- setup -->
        <test-method signature="TestingInvalidUsrnameValidPwd(java.lang.String,java.lang.String)[pri:6, instance:TestCasesPage.SignInTestPage@ef1695a]" started-at="2024-02-29T09:45:05 PST" name="TestingInvalidUsrnameValidPwd" data-provider="getLoginData" finished-at="2024-02-29T09:45:07 PST" duration-ms="1282" status="PASS">
          <params>
            <param index="0">
              <value>
                <![CDATA[dsalgo81]]>
              </value>
            </param>
            <param index="1">
              <value>
                <![CDATA[Project321@]]>
              </value>
            </param>
          </params>
          <reporter-output>
          </reporter-output>
        </test-method> <!-- TestingInvalidUsrnameValidPwd -->
        <test-method is-config="true" signature="tearDown()[pri:0, instance:TestCasesPage.SignInTestPage@ef1695a]" started-at="2024-02-29T09:45:07 PST" name="tearDown" finished-at="2024-02-29T09:45:07 PST" duration-ms="182" status="PASS">
          <reporter-output>
          </reporter-output>
        </test-method> <!-- tearDown -->
        <test-method is-config="true" signature="setup()[pri:0, instance:TestCasesPage.SignInTestPage@ef1695a]" started-at="2024-02-29T09:45:07 PST" name="setup" finished-at="2024-02-29T09:45:12 PST" duration-ms="4984" status="PASS">
          <reporter-output>
          </reporter-output>
        </test-method> <!-- setup -->
        <test-method signature="TestingValidUsrnameInValidPwd(java.lang.String,java.lang.String)[pri:7, instance:TestCasesPage.SignInTestPage@ef1695a]" started-at="2024-02-29T09:45:12 PST" name="TestingValidUsrnameInValidPwd" data-provider="getLoginData" finished-at="2024-02-29T09:45:13 PST" duration-ms="1204" status="PASS">
          <params>
            <param index="0">
              <value>
                <![CDATA[dsalgo81]]>
              </value>
            </param>
            <param index="1">
              <value>
                <![CDATA[Project321@]]>
              </value>
            </param>
          </params>
          <reporter-output>
          </reporter-output>
        </test-method> <!-- TestingValidUsrnameInValidPwd -->
        <test-method is-config="true" signature="tearDown()[pri:0, instance:TestCasesPage.SignInTestPage@ef1695a]" started-at="2024-02-29T09:45:13 PST" name="tearDown" finished-at="2024-02-29T09:45:13 PST" duration-ms="207" status="PASS">
          <reporter-output>
          </reporter-output>
        </test-method> <!-- tearDown -->
      </class> <!-- TestCasesPage.SignInTestPage -->
      <class name="TestCasesPage.GetStartedTestPage">
        <test-method is-config="true" signature="setUp()[pri:0, instance:TestCasesPage.GetStartedTestPage@5e2a3040]" started-at="2024-02-29T09:43:10 PST" name="setUp" finished-at="2024-02-29T09:43:19 PST" duration-ms="8968" status="PASS">
          <reporter-output>
          </reporter-output>
        </test-method> <!-- setUp -->
        <test-method signature="validateUserLandingHomePageTest()[pri:0, instance:TestCasesPage.GetStartedTestPage@5e2a3040]" started-at="2024-02-29T09:43:19 PST" name="validateUserLandingHomePageTest" finished-at="2024-02-29T09:43:21 PST" duration-ms="2104" status="PASS">
          <reporter-output>
          </reporter-output>
        </test-method> <!-- validateUserLandingHomePageTest -->
        <test-method is-config="true" signature="tearDown()[pri:0, instance:TestCasesPage.GetStartedTestPage@5e2a3040]" started-at="2024-02-29T09:43:21 PST" name="tearDown" finished-at="2024-02-29T09:43:22 PST" duration-ms="252" status="PASS">
          <reporter-output>
          </reporter-output>
        </test-method> <!-- tearDown -->
      </class> <!-- TestCasesPage.GetStartedTestPage -->
    </test> <!-- Test -->
  </suite> <!-- Suite -->
</testng-results>
